<?xml version="1.0" encoding="UTF-8"?>
<testng-results skipped="0" failed="0" ignored="0" total="4" passed="4">
  <reporter-output>
  </reporter-output>
  <suite name="Suite" duration-ms="77" started-at="2018-01-15T15:14:36Z" finished-at="2018-01-15T15:14:36Z">
    <groups>
    </groups>
    <test name="Test" duration-ms="77" started-at="2018-01-15T15:14:36Z" finished-at="2018-01-15T15:14:36Z">
      <class name="Test.ClassTwo">
        <test-method status="PASS" signature="f1()[pri:0, instance:Test.ClassTwo@9629756]" name="f1" is-config="true" duration-ms="3" started-at="2018-01-15T20:44:36Z" finished-at="2018-01-15T20:44:36Z">
          <reporter-output>
          </reporter-output>
        </test-method> <!-- f1 -->
        <test-method status="PASS" signature="f2()[pri:0, instance:Test.ClassTwo@9629756]" name="f2" duration-ms="6" started-at="2018-01-15T20:44:36Z" finished-at="2018-01-15T20:44:36Z">
          <reporter-output>
          </reporter-output>
        </test-method> <!-- f2 -->
        <test-method status="PASS" signature="f4()[pri:0, instance:Test.ClassTwo@9629756]" name="f4" is-config="true" duration-ms="0" started-at="2018-01-15T20:44:36Z" finished-at="2018-01-15T20:44:36Z">
          <reporter-output>
          </reporter-output>
        </test-method> <!-- f4 -->
        <test-method status="PASS" signature="f1()[pri:0, instance:Test.ClassTwo@9629756]" name="f1" is-config="true" duration-ms="0" started-at="2018-01-15T20:44:36Z" finished-at="2018-01-15T20:44:36Z">
          <reporter-output>
          </reporter-output>
        </test-method> <!-- f1 -->
        <test-method status="PASS" signature="f3()[pri:0, instance:Test.ClassTwo@9629756]" name="f3" duration-ms="1" started-at="2018-01-15T20:44:36Z" finished-at="2018-01-15T20:44:36Z">
          <reporter-output>
          </reporter-output>
        </test-method> <!-- f3 -->
        <test-method status="PASS" signature="f4()[pri:0, instance:Test.ClassTwo@9629756]" name="f4" is-config="true" duration-ms="1" started-at="2018-01-15T20:44:36Z" finished-at="2018-01-15T20:44:36Z">
          <reporter-output>
          </reporter-output>
        </test-method> <!-- f4 -->
      </class> <!-- Test.ClassTwo -->
      <class name="Test.ClassOne">
        <test-method status="PASS" signature="f1()[pri:0, instance:Test.ClassOne@7f9a81e8]" name="f1" is-config="true" duration-ms="10" started-at="2018-01-15T20:44:36Z" finished-at="2018-01-15T20:44:36Z">
          <reporter-output>
          </reporter-output>
        </test-method> <!-- f1 -->
        <test-method status="PASS" signature="f2()[pri:0, instance:Test.ClassOne@7f9a81e8]" name="f2" duration-ms="6" started-at="2018-01-15T20:44:36Z" finished-at="2018-01-15T20:44:36Z">
          <reporter-output>
          </reporter-output>
        </test-method> <!-- f2 -->
        <test-method status="PASS" signature="f3()[pri:0, instance:Test.ClassOne@7f9a81e8]" name="f3" duration-ms="6" started-at="2018-01-15T20:44:36Z" finished-at="2018-01-15T20:44:36Z">
          <reporter-output>
          </reporter-output>
        </test-method> <!-- f3 -->
        <test-method status="PASS" signature="f4()[pri:0, instance:Test.ClassOne@7f9a81e8]" name="f4" is-config="true" duration-ms="0" started-at="2018-01-15T20:44:36Z" finished-at="2018-01-15T20:44:36Z">
          <reporter-output>
          </reporter-output>
        </test-method> <!-- f4 -->
      </class> <!-- Test.ClassOne -->
    </test> <!-- Test -->
  </suite> <!-- Suite -->
</testng-results>
