<?xml version="1.0" encoding="UTF-8"?>
<!-- Generated by org.testng.reporters.JUnitXMLReporter -->
<testsuite hostname="SWARUP-PC" ignored="0" name="Test" tests="4" failures="0" timestamp="15 Jan 2018 15:14:36 GMT" time="0.077" errors="0">
  <testcase name="f2" time="0.006" classname="Test.ClassOne"/>
  <testcase name="f3" time="0.006" classname="Test.ClassOne"/>
  <testcase name="f2" time="0.006" classname="Test.ClassTwo"/>
  <testcase name="f3" time="0.001" classname="Test.ClassTwo"/>
</testsuite> <!-- Test -->
